{
"contracts/Lottery.sol":{"l":{"46":3,"47":3,"48":3,"49":3,"50":3,"51":3,"52":3,"56":0,"57":0,"58":0,"60":0,"67":0,"74":0,"75":0,"76":0,"77":0,"78":0,"79":0,"80":0,"81":0,"82":0,"84":0,"89":2,"90":1,"92":1,"93":1,"97":0,"102":4,"107":1,"117":0,"118":0,"119":0,"120":0,"121":0,"126":1,"131":0,"135":0,"139":1,"142":0},"path":"/media/humayou/272F73E63EAB4DD6/hardHat/Decentralize-Lottery-Platform/SOLIDITY/contracts/Lottery.sol","s":{"1":0,"2":0,"3":0,"4":0,"5":0,"6":0,"7":0,"8":0,"9":0,"10":2,"11":1,"12":1,"13":0,"14":4,"15":1,"16":0,"17":0,"18":0,"19":0,"20":1,"21":0,"22":0,"23":1,"24":0},"b":{"1":[0,0],"2":[0,0],"3":[1,1]},"f":{"1":3,"2":0,"3":0,"4":2,"5":0,"6":4,"7":1,"8":0,"9":1,"10":0,"11":0,"12":1,"13":0},"fnMap":{"1":{"name":"constructor","line":45,"loc":{"start":{"line":45,"column":4},"end":{"line":53,"column":4}}},"2":{"name":"performUpkeep","line":55,"loc":{"start":{"line":55,"column":4},"end":{"line":68,"column":4}}},"3":{"name":"fulfillRandomWords","line":70,"loc":{"start":{"line":70,"column":4},"end":{"line":86,"column":4}}},"4":{"name":"getEntered","line":88,"loc":{"start":{"line":88,"column":4},"end":{"line":94,"column":4}}},"5":{"name":"getRecentWinner","line":96,"loc":{"start":{"line":96,"column":4},"end":{"line":98,"column":4}}},"6":{"name":"getEntryFee","line":101,"loc":{"start":{"line":101,"column":4},"end":{"line":103,"column":4}}},"7":{"name":"getPlayer","line":106,"loc":{"start":{"line":106,"column":4},"end":{"line":108,"column":4}}},"8":{"name":"checkUpkeep","line":112,"loc":{"start":{"line":112,"column":5},"end":{"line":122,"column":5}}},"9":{"name":"getLotteryState","line":125,"loc":{"start":{"line":125,"column":5},"end":{"line":127,"column":5}}},"10":{"name":"getNumWords","line":130,"loc":{"start":{"line":130,"column":5},"end":{"line":132,"column":5}}},"11":{"name":"getNumberOfPlayer","line":134,"loc":{"start":{"line":134,"column":4},"end":{"line":136,"column":4}}},"12":{"name":"getCurrentInterval","line":138,"loc":{"start":{"line":138,"column":4},"end":{"line":140,"column":4}}},"13":{"name":"getRequestConfirmation","line":141,"loc":{"start":{"line":141,"column":4},"end":{"line":143,"column":4}}}},"statementMap":{"1":{"start":{"line":56,"column":8},"end":{"line":56,"column":44}},"2":{"start":{"line":57,"column":8},"end":{"line":57,"column":2037}},"3":{"start":{"line":60,"column":7},"end":{"line":60,"column":2173}},"4":{"start":{"line":67,"column":7},"end":{"line":67,"column":43}},"5":{"start":{"line":74,"column":6},"end":{"line":74,"column":58}},"6":{"start":{"line":75,"column":6},"end":{"line":75,"column":57}},"7":{"start":{"line":80,"column":6},"end":{"line":80,"column":72}},"8":{"start":{"line":81,"column":6},"end":{"line":81,"column":2867}},"9":{"start":{"line":84,"column":8},"end":{"line":84,"column":39}},"10":{"start":{"line":89,"column":8},"end":{"line":89,"column":3024}},"11":{"start":{"line":92,"column":8},"end":{"line":92,"column":40}},"12":{"start":{"line":93,"column":8},"end":{"line":93,"column":43}},"13":{"start":{"line":97,"column":8},"end":{"line":97,"column":29}},"14":{"start":{"line":102,"column":8},"end":{"line":102,"column":25}},"15":{"start":{"line":107,"column":8},"end":{"line":107,"column":29}},"16":{"start":{"line":117,"column":7},"end":{"line":117,"column":52}},"17":{"start":{"line":118,"column":7},"end":{"line":118,"column":70}},"18":{"start":{"line":119,"column":7},"end":{"line":119,"column":41}},"19":{"start":{"line":120,"column":7},"end":{"line":120,"column":46}},"20":{"start":{"line":126,"column":8},"end":{"line":126,"column":27}},"21":{"start":{"line":131,"column":8},"end":{"line":131,"column":24}},"22":{"start":{"line":135,"column":8},"end":{"line":135,"column":29}},"23":{"start":{"line":139,"column":8},"end":{"line":139,"column":28}},"24":{"start":{"line":142,"column":8},"end":{"line":142,"column":35}}},"branchMap":{"1":{"line":57,"type":"if","locations":[{"start":{"line":57,"column":8},"end":{"line":57,"column":8}},{"start":{"line":57,"column":8},"end":{"line":57,"column":8}}]},"2":{"line":81,"type":"if","locations":[{"start":{"line":81,"column":6},"end":{"line":81,"column":6}},{"start":{"line":81,"column":6},"end":{"line":81,"column":6}}]},"3":{"line":89,"type":"if","locations":[{"start":{"line":89,"column":8},"end":{"line":89,"column":8}},{"start":{"line":89,"column":8},"end":{"line":89,"column":8}}]}}},
"contracts/VRFCoordinatorV2Mock.sol":{"l":{},"path":"/media/humayou/272F73E63EAB4DD6/hardHat/Decentralize-Lottery-Platform/SOLIDITY/contracts/VRFCoordinatorV2Mock.sol","s":{},"b":{},"f":{},"fnMap":{},"statementMap":{},"branchMap":{}}}
