TN:
SF:/media/humayou/272F73E63EAB4DD6/hardHat/Decentralize-Lottery-Platform/SOLIDITY/contracts/Lottery.sol
FN:45,constructor
FN:55,performUpkeep
FN:70,fulfillRandomWords
FN:88,getEntered
FN:96,getRecentWinner
FN:101,getEntryFee
FN:106,getPlayer
FN:112,checkUpkeep
FN:125,getLotteryState
FN:130,getNumWords
FN:134,getNumberOfPlayer
FN:138,getCurrentInterval
FN:141,getRequestConfirmation
FNF:13
FNH:6
FNDA:3,constructor
FNDA:0,performUpkeep
FNDA:0,fulfillRandomWords
FNDA:2,getEntered
FNDA:0,getRecentWinner
FNDA:4,getEntryFee
FNDA:1,getPlayer
FNDA:0,checkUpkeep
FNDA:1,getLotteryState
FNDA:0,getNumWords
FNDA:0,getNumberOfPlayer
FNDA:1,getCurrentInterval
FNDA:0,getRequestConfirmation
DA:46,3
DA:47,3
DA:48,3
DA:49,3
DA:50,3
DA:51,3
DA:52,3
DA:56,0
DA:57,0
DA:58,0
DA:60,0
DA:67,0
DA:74,0
DA:75,0
DA:76,0
DA:77,0
DA:78,0
DA:79,0
DA:80,0
DA:81,0
DA:82,0
DA:84,0
DA:89,2
DA:90,1
DA:92,1
DA:93,1
DA:97,0
DA:102,4
DA:107,1
DA:117,0
DA:118,0
DA:119,0
DA:120,0
DA:121,0
DA:126,1
DA:131,0
DA:135,0
DA:139,1
DA:142,0
LF:39
LH:15
BRDA:57,1,0,0
BRDA:57,1,1,0
BRDA:81,2,0,0
BRDA:81,2,1,0
BRDA:89,3,0,1
BRDA:89,3,1,1
BRF:6
BRH:2
end_of_record
TN:
SF:/media/humayou/272F73E63EAB4DD6/hardHat/Decentralize-Lottery-Platform/SOLIDITY/contracts/VRFCoordinatorV2Mock.sol
FNF:0
FNH:0
LF:0
LH:0
BRF:0
BRH:0
end_of_record
